<?xml version="1.0" encoding="UTF-8"?>
<testng-results ignored="0" total="2" passed="2" failed="0" skipped="0">
  <reporter-output>
  </reporter-output>
  <suite started-at="2024-03-25T16:31:57 EET" name="Suite1" finished-at="2024-03-25T16:32:20 EET" duration-ms="23347">
    <groups>
    </groups>
    <test started-at="2024-03-25T16:31:57 EET" name="Regression1" finished-at="2024-03-25T16:32:20 EET" duration-ms="23347">
      <class name="OpenBrowserSoftTrail">
        <test-method is-config="true" signature="OpenBrowser()[pri:0, instance:OpenBrowserSoftTrail@79ad8b2f]" started-at="2024-03-25T16:31:57 EET" name="OpenBrowser" finished-at="2024-03-25T16:32:05 EET" duration-ms="8444" status="PASS">
          <reporter-output>
          </reporter-output>
        </test-method> <!-- OpenBrowser -->
        <test-method signature="InvalidData()[pri:0, instance:OpenBrowserSoftTrail@79ad8b2f]" started-at="2024-03-25T16:32:06 EET" name="InvalidData" finished-at="2024-03-25T16:32:10 EET" duration-ms="4399" status="PASS">
          <reporter-output>
          </reporter-output>
        </test-method> <!-- InvalidData -->
        <test-method signature="ValidData()[pri:0, instance:OpenBrowserSoftTrail@79ad8b2f]" started-at="2024-03-25T16:32:10 EET" name="ValidData" finished-at="2024-03-25T16:32:17 EET" duration-ms="7021" status="PASS">
          <reporter-output>
          </reporter-output>
        </test-method> <!-- ValidData -->
        <test-method is-config="true" signature="CloseDriver()[pri:0, instance:OpenBrowserSoftTrail@79ad8b2f]" started-at="2024-03-25T16:32:17 EET" name="CloseDriver" finished-at="2024-03-25T16:32:20 EET" duration-ms="3391" status="PASS">
          <reporter-output>
          </reporter-output>
        </test-method> <!-- CloseDriver -->
      </class> <!-- OpenBrowserSoftTrail -->
    </test> <!-- Regression1 -->
  </suite> <!-- Suite1 -->
</testng-results>
